<?xml version="1.0" encoding="UTF-8"?>
<testsuite xmlns:xsi="http://www.w3.org/2001/XMLSchema-instance" xsi:noNamespaceSchemaLocation="https://maven.apache.org/surefire/maven-surefire-plugin/xsd/surefire-test-report-3.0.xsd" version="3.0" name="BurgerTest" time="0.52" tests="15" errors="0" skipped="0" failures="0">
  <properties>
[...]
</properties>
  <testcase name="testGetPrice[0]" classname="BurgerTest" time="0.471"/>
  <testcase name="testRemoveIngredient[0]" classname="BurgerTest" time="0.002"/>
  <testcase name="testMoveIngredient[0]" classname="BurgerTest" time="0.002"/>
  <testcase name="testGetReceipt[0]" classname="BurgerTest" time="0.003"/>
  <testcase name="testAddIngredient[0]" classname="BurgerTest" time="0.002"/>
  <testcase name="testGetPrice[1]" classname="BurgerTest" time="0.002"/>
  <testcase name="testRemoveIngredient[1]" classname="BurgerTest" time="0.002"/>
  <testcase name="testMoveIngredient[1]" classname="BurgerTest" time="0.001"/>
  <testcase name="testGetReceipt[1]" classname="BurgerTest" time="0.003"/>
  <testcase name="testAddIngredient[1]" classname="BurgerTest" time="0.001"/>
  <testcase name="testGetPrice[2]" classname="BurgerTest" time="0.003"/>
  <testcase name="testRemoveIngredient[2]" classname="BurgerTest" time="0.001"/>
  <testcase name="testMoveIngredient[2]" classname="BurgerTest" time="0.002"/>
  <testcase name="testGetReceipt[2]" classname="BurgerTest" time="0.002"/>
  <testcase name="testAddIngredient[2]" classname="BurgerTest" time="0.001"/>
</testsuite>